21/04/2019 19:27:54 - > No version file found in "/mnt/AC9AF51E9AF4E5AC/repos/nnimbus/output/nnimbus_ntbk14.ver"
> Tagging this execution as version: #0
21/04/2019 19:27:54 - ,--------------------------------------,
21/04/2019 19:27:54 - | Starting NNIMBUS @ ntbk14 # NN_RUN:0 |
21/04/2019 19:27:54 - '--------------------------------------'
21/04/2019 19:27:54 - User-defined workflow:

{'compute_additional_variables': False,
 'concatenate_csv_list_to_df': False,
 'extract_region': False,
 'pre_process_HDF5': False,
 'prediction': False,
 'read_csv': True,
 'read_raw_csv': False,
 'save_data': False,
 'training': True,
 'validation': False}

21/04/2019 19:27:54 - Environment variables:

PCTAG = ntbk14
IN_CSV_PATH = /mnt/AC9AF51E9AF4E5AC/A1ML/phd_datasets/
IN_CSV_NAME = yearly_br_underc1_hot_0956.csv
OUTPUT_DIR = output/
TRNGCSV_TO_SAVE = train_data_11m.csv
LAT_LIMIT = [-34.0, 6.0]
LON_LIMIT = [-75.0, -35.0]
THRESHOLD_RAIN = 0.1
VERSION_FILE = /mnt/AC9AF51E9AF4E5AC/repos/nnimbus/output/nnimbus_ntbk14.ver
LOG_FILE = /mnt/AC9AF51E9AF4E5AC/repos/nnimbus/output/nnimbus_ntbk14.log
RANDOM_SEED = 7

21/04/2019 19:27:54 - Reading input CSV data
21/04/2019 19:27:56 - yearly_br_underc1_hot_0956.csv successfully loaded into a dataframe in 0h:0m:2s
21/04/2019 19:27:56 - > Importing training modules, this may take a while...
21/04/2019 19:27:57 - CACHEDIR=/home/dvdgmf/.cache/matplotlib
21/04/2019 19:27:57 - Using fontManager instance from /home/dvdgmf/.cache/matplotlib/fontlist-v300.json
21/04/2019 19:27:57 - Loaded backend TkAgg version unknown.
21/04/2019 19:27:58 - From /usr/local/lib/python3.6/dist-packages/tensorflow/python/framework/op_def_library.py:263: colocate_with (from tensorflow.python.framework.ops) is deprecated and will be removed in a future version.
Instructions for updating:
Colocations handled automatically by placer.
21/04/2019 19:27:58 - From /usr/local/lib/python3.6/dist-packages/tensorflow/python/ops/math_ops.py:3066: to_int32 (from tensorflow.python.ops.math_ops) is deprecated and will be removed in a future version.
Instructions for updating:
Use tf.cast instead.
21/04/2019 19:28:41 - ,---------------------------------------,
21/04/2019 19:28:41 - | Elapsed execution time: 0h : 0m : 47s |
21/04/2019 19:28:41 - '---------------------------------------'
